0 info it worked if it ends with ok
1 verbose cli [ '/usr/bin/node',
1 verbose cli   '/usr/bin/npm',
1 verbose cli   'i',
1 verbose cli   '--save-dev',
1 verbose cli   'gaffa-alert' ]
2 info using npm@1.4.28
3 info using node@v0.10.37
4 verbose node symlink /usr/bin/node
5 warn package.json gaffa-text@1.0.0 No description
6 warn package.json gaffa-toggle@1.0.0 No description
7 verbose readDependencies using package.json deps
8 verbose cache add [ 'gaffa-alert', null ]
9 verbose cache add name=undefined spec="gaffa-alert" args=["gaffa-alert",null]
10 verbose parsed url { protocol: null,
10 verbose parsed url   slashes: null,
10 verbose parsed url   auth: null,
10 verbose parsed url   host: null,
10 verbose parsed url   port: null,
10 verbose parsed url   hostname: null,
10 verbose parsed url   hash: null,
10 verbose parsed url   search: null,
10 verbose parsed url   query: null,
10 verbose parsed url   pathname: 'gaffa-alert',
10 verbose parsed url   path: 'gaffa-alert',
10 verbose parsed url   href: 'gaffa-alert' }
11 silly lockFile 4becbbb9-gaffa-alert gaffa-alert
12 verbose lock gaffa-alert /home/matt/.npm/4becbbb9-gaffa-alert.lock
13 silly lockFile 4becbbb9-gaffa-alert gaffa-alert
14 silly lockFile 4becbbb9-gaffa-alert gaffa-alert
15 verbose addNamed [ 'gaffa-alert', '' ]
16 verbose addNamed [ null, '*' ]
17 silly lockFile 7118558e-gaffa-alert gaffa-alert@
18 verbose lock gaffa-alert@ /home/matt/.npm/7118558e-gaffa-alert.lock
19 silly addNameRange { name: 'gaffa-alert', range: '*', hasData: false }
20 verbose request where is /gaffa-alert
21 verbose request registry https://npm.yoik.net:8888/
22 verbose request id 445531aacbed6465
23 verbose url raw /gaffa-alert
24 verbose url resolving [ 'https://npm.yoik.net:8888/', './gaffa-alert' ]
25 verbose url resolved https://npm.yoik.net:8888/gaffa-alert
26 verbose request where is https://npm.yoik.net:8888/gaffa-alert
27 info trying registry request attempt 1 at 10:46:43
28 http GET https://npm.yoik.net:8888/gaffa-alert
29 http 404 https://npm.yoik.net:8888/gaffa-alert
30 verbose headers { 'content-type': 'application/json; charset=utf-8',
30 verbose headers   date: 'Tue, 17 Mar 2015 00:47:58 GMT',
30 verbose headers   etag: '"412941920"',
30 verbose headers   vary: 'Accept-Encoding',
30 verbose headers   'x-powered-by': 'Sinopia/0.8.1',
30 verbose headers   'x-status-cat': 'http://flic.kr/p/aV6juR',
30 verbose headers   'content-length': '42',
30 verbose headers   connection: 'keep-alive' }
31 silly registry.get cb [ 404,
31 silly registry.get   { 'content-type': 'application/json; charset=utf-8',
31 silly registry.get     date: 'Tue, 17 Mar 2015 00:47:58 GMT',
31 silly registry.get     etag: '"412941920"',
31 silly registry.get     vary: 'Accept-Encoding',
31 silly registry.get     'x-powered-by': 'Sinopia/0.8.1',
31 silly registry.get     'x-status-cat': 'http://flic.kr/p/aV6juR',
31 silly registry.get     'content-length': '42',
31 silly registry.get     connection: 'keep-alive' } ]
32 silly lockFile 7118558e-gaffa-alert gaffa-alert@
33 silly lockFile 7118558e-gaffa-alert gaffa-alert@
34 error Error: no such package available : gaffa-alert
34 error     at RegClient.<anonymous> (/usr/lib/node_modules/npm/node_modules/npm-registry-client/lib/request.js:308:14)
34 error     at Request._callback (/usr/lib/node_modules/npm/node_modules/npm-registry-client/lib/request.js:246:65)
34 error     at Request.self.callback (/usr/lib/node_modules/npm/node_modules/request/request.js:236:22)
34 error     at Request.emit (events.js:98:17)
34 error     at Request.<anonymous> (/usr/lib/node_modules/npm/node_modules/request/request.js:1142:14)
34 error     at Request.emit (events.js:117:20)
34 error     at IncomingMessage.<anonymous> (/usr/lib/node_modules/npm/node_modules/request/request.js:1096:12)
34 error     at IncomingMessage.emit (events.js:117:20)
34 error     at _stream_readable.js:944:16
34 error     at process._tickCallback (node.js:448:13)
35 error If you need help, you may report this *entire* log,
35 error including the npm and node versions, at:
35 error     <http://github.com/npm/npm/issues>
36 error System Linux 3.13.0-45-generic
37 error command "/usr/bin/node" "/usr/bin/npm" "i" "--save-dev" "gaffa-alert"
38 error cwd /home/matt/dev/gaffa-switch-container
39 error node -v v0.10.37
40 error npm -v 1.4.28
41 verbose exit [ 1, true ]
